<?xml version="1.0" encoding="UTF-8"?>
<testsuite xmlns:xsi="http://www.w3.org/2001/XMLSchema-instance" xsi:noNamespaceSchemaLocation="https://maven.apache.org/surefire/maven-surefire-plugin/xsd/surefire-test-report.xsd" name="com.example.math.controller.MathematicsControllerTest" time="0.795" tests="1" errors="0" skipped="0" failures="1">
  <properties>
[...]
</properties>
  <testcase name="givenEquation_whenGetEquationQuadraticNoneSolution_shouldReturnSolution" classname="com.example.math.controller.MathematicsControllerTest" time="0.231">
    <failure message="expected: java.lang.String@6ca372ef&lt;3&gt; but was: com.example.math.entity.Term@3ebe4ccc&lt;3&gt;" type="org.opentest4j.AssertionFailedError"><![CDATA[org.opentest4j.AssertionFailedError: expected: java.lang.String@6ca372ef<3> but was: com.example.math.entity.Term@3ebe4ccc<3>
	at com.example.math.controller.MathematicsControllerTest.givenEquation_whenGetEquationQuadraticNoneSolution_shouldReturnSolution(MathematicsControllerTest.java:34)
]]></failure>
    <system-out><![CDATA[2022-09-05 12:41:35.168  INFO 67688 --- [           main] .b.t.c.SpringBootTestContextBootstrapper : Neither @ContextConfiguration nor @ContextHierarchy found for test class [com.example.math.controller.MathematicsControllerTest], using SpringBootContextLoader
2022-09-05 12:41:35.169  INFO 67688 --- [           main] o.s.t.c.support.AbstractContextLoader    : Could not detect default resource locations for test class [com.example.math.controller.MathematicsControllerTest]: no resource found for suffixes {-context.xml, Context.groovy}.
2022-09-05 12:41:35.169  INFO 67688 --- [           main] t.c.s.AnnotationConfigContextLoaderUtils : Could not detect default configuration classes for test class [com.example.math.controller.MathematicsControllerTest]: MathematicsControllerTest does not declare any static, non-private, non-final, nested classes annotated with @Configuration.
2022-09-05 12:41:35.175  INFO 67688 --- [           main] .b.t.c.SpringBootTestContextBootstrapper : Found @SpringBootConfiguration com.example.math.FoondamateApplication for test class com.example.math.controller.MathematicsControllerTest
2022-09-05 12:41:35.177  INFO 67688 --- [           main] .b.t.c.SpringBootTestContextBootstrapper : Loaded default TestExecutionListener class names from location [META-INF/spring.factories]: [org.springframework.boot.test.mock.mockito.MockitoTestExecutionListener, org.springframework.boot.test.mock.mockito.ResetMocksTestExecutionListener, org.springframework.boot.test.autoconfigure.restdocs.RestDocsTestExecutionListener, org.springframework.boot.test.autoconfigure.web.client.MockRestServiceServerResetTestExecutionListener, org.springframework.boot.test.autoconfigure.web.servlet.MockMvcPrintOnlyOnFailureTestExecutionListener, org.springframework.boot.test.autoconfigure.web.servlet.WebDriverTestExecutionListener, org.springframework.boot.test.autoconfigure.webservices.client.MockWebServiceServerTestExecutionListener, org.springframework.test.context.web.ServletTestExecutionListener, org.springframework.test.context.support.DirtiesContextBeforeModesTestExecutionListener, org.springframework.test.context.event.ApplicationEventsTestExecutionListener, org.springframework.test.context.support.DependencyInjectionTestExecutionListener, org.springframework.test.context.support.DirtiesContextTestExecutionListener, org.springframework.test.context.transaction.TransactionalTestExecutionListener, org.springframework.test.context.jdbc.SqlScriptsTestExecutionListener, org.springframework.test.context.event.EventPublishingTestExecutionListener]
2022-09-05 12:41:35.178  INFO 67688 --- [           main] .b.t.c.SpringBootTestContextBootstrapper : Using TestExecutionListeners: [org.springframework.test.context.web.ServletTestExecutionListener@702b06fb, org.springframework.test.context.support.DirtiesContextBeforeModesTestExecutionListener@a18649a, org.springframework.test.context.event.ApplicationEventsTestExecutionListener@5c534b5b, org.springframework.boot.test.mock.mockito.MockitoTestExecutionListener@396639b, org.springframework.boot.test.autoconfigure.SpringBootDependencyInjectionTestExecutionListener@2b22a1cc, org.springframework.test.context.support.DirtiesContextTestExecutionListener@62573c86, org.springframework.test.context.event.EventPublishingTestExecutionListener@2418ba04, org.springframework.boot.test.mock.mockito.ResetMocksTestExecutionListener@14229fa7, org.springframework.boot.test.autoconfigure.restdocs.RestDocsTestExecutionListener@2ab0702e, org.springframework.boot.test.autoconfigure.web.client.MockRestServiceServerResetTestExecutionListener@7158daf2, org.springframework.boot.test.autoconfigure.web.servlet.MockMvcPrintOnlyOnFailureTestExecutionListener@10f19647, org.springframework.boot.test.autoconfigure.web.servlet.WebDriverTestExecutionListener@102efc59, org.springframework.boot.test.autoconfigure.webservices.client.MockWebServiceServerTestExecutionListener@3936df72]

  .   ____          _            __ _ _
 /\\ / ___'_ __ _ _(_)_ __  __ _ \ \ \ \
( ( )\___ | '_ | '_| | '_ \/ _` | \ \ \ \
 \\/  ___)| |_)| | | | | || (_| |  ) ) ) )
  '  |____| .__|_| |_|_| |_\__, | / / / /
 =========|_|==============|___/=/_/_/_/
 :: Spring Boot ::                (v2.7.3)

2022-09-05 12:41:35.222  INFO 67688 --- [           main] c.e.m.c.MathematicsControllerTest        : Starting MathematicsControllerTest using Java 1.8.0_342 on andiy with PID 67688 (started by andiy in /home/andiy/foondamate2)
2022-09-05 12:41:35.223  INFO 67688 --- [           main] c.e.m.c.MathematicsControllerTest        : No active profile set, falling back to 1 default profile: "default"
2022-09-05 12:41:35.478  INFO 67688 --- [           main] o.s.b.w.embedded.tomcat.TomcatWebServer  : Tomcat initialized with port(s): 0 (http)
2022-09-05 12:41:35.490  INFO 67688 --- [           main] o.apache.catalina.core.StandardService   : Starting service [Tomcat]
2022-09-05 12:41:35.490  INFO 67688 --- [           main] org.apache.catalina.core.StandardEngine  : Starting Servlet engine: [Apache Tomcat/9.0.65]
2022-09-05 12:41:35.574  INFO 67688 --- [           main] o.a.c.c.C.[Tomcat].[localhost].[/]       : Initializing Spring embedded WebApplicationContext
2022-09-05 12:41:35.574  INFO 67688 --- [           main] w.s.c.ServletWebServerApplicationContext : Root WebApplicationContext: initialization completed in 349 ms
2022-09-05 12:41:35.724  INFO 67688 --- [           main] o.s.b.w.embedded.tomcat.TomcatWebServer  : Tomcat started on port(s): 36103 (http) with context path ''
2022-09-05 12:41:35.728  INFO 67688 --- [           main] c.e.m.c.MathematicsControllerTest        : Started MathematicsControllerTest in 0.536 seconds (JVM running for 3.583)
2022-09-05 12:41:35.889  INFO 67688 --- [o-auto-1-exec-1] o.a.c.c.C.[Tomcat].[localhost].[/]       : Initializing Spring DispatcherServlet 'dispatcherServlet'
2022-09-05 12:41:35.889  INFO 67688 --- [o-auto-1-exec-1] o.s.web.servlet.DispatcherServlet        : Initializing Servlet 'dispatcherServlet'
2022-09-05 12:41:35.891  INFO 67688 --- [o-auto-1-exec-1] o.s.web.servlet.DispatcherServlet        : Completed initialization in 2 ms
]]></system-out>
  </testcase>
</testsuite>